<?xml version="1.0" encoding="UTF-8"?>
<!-- Generated by org.testng.reporters.JUnitReportReporter -->
<testsuite skipped="0" hostname="mohammads-MBP.home" name="com.Amgen.qa.testcases.CardInformationPageTest" tests="2" failures="0" timestamp="2020-04-25T21:24:13 EDT" time="22.104" errors="0">
  <testcase name="ClickOnPg2RadioBtnTest" time="8.635" classname="com.Amgen.qa.testcases.CardInformationPageTest"/>
  <system-out/>
  <testcase name="clickContinuePge2BtnTest" time="13.469" classname="com.Amgen.qa.testcases.CardInformationPageTest"/>
  <system-out/>
</testsuite> <!-- com.Amgen.qa.testcases.CardInformationPageTest -->
