<?xml version="1.0" encoding="UTF-8"?>
<!-- Generated by org.testng.reporters.JUnitReportReporter -->
<testsuite skipped="0" hostname="mohammads-MBP.home" name="com.Amgen.qa.testcases.PatientInformationPageTest" tests="4" failures="0" timestamp="2020-04-27T05:14:03 EDT" time="59.165" errors="0">
  <testcase name="patientInformationPageTest" time="15.710" classname="com.Amgen.qa.testcases.PatientInformationPageTest"/>
  <system-out/>
  <testcase name="patientInformationPageTest" time="13.932" classname="com.Amgen.qa.testcases.PatientInformationPageTest"/>
  <system-out/>
  <testcase name="patientInformationPageTest" time="14.988" classname="com.Amgen.qa.testcases.PatientInformationPageTest"/>
  <system-out/>
  <testcase name="patientInformationPageTest" time="14.535" classname="com.Amgen.qa.testcases.PatientInformationPageTest"/>
  <system-out/>
</testsuite> <!-- com.Amgen.qa.testcases.PatientInformationPageTest -->
