<?xml version="1.0" encoding="UTF-8"?>
<!-- Generated by org.testng.reporters.JUnitReportReporter -->
<testsuite skipped="0" hostname="mohammads-MBP.home" name="com.Amgen.qa.testcases.PatientInformationPageTest" tests="4" failures="0" timestamp="2020-05-01T00:02:45 EDT" time="65.117" errors="0">
  <testcase name="patientInformationPageTest" time="20.750" classname="com.Amgen.qa.testcases.PatientInformationPageTest"/>
  <system-out/>
  <testcase name="patientInformationPageTest" time="14.008" classname="com.Amgen.qa.testcases.PatientInformationPageTest"/>
  <system-out/>
  <testcase name="patientInformationPageTest" time="15.501" classname="com.Amgen.qa.testcases.PatientInformationPageTest"/>
  <system-out/>
  <testcase name="patientInformationPageTest" time="14.858" classname="com.Amgen.qa.testcases.PatientInformationPageTest"/>
  <system-out/>
</testsuite> <!-- com.Amgen.qa.testcases.PatientInformationPageTest -->
