<?xml version="1.0" encoding="UTF-8"?>
<!-- Generated by org.testng.reporters.JUnitReportReporter -->
<testsuite skipped="0" hostname="mohammads-MBP.home" name="com.Amgen.qa.testcases.PhysicianInformationPageTest" tests="1" failures="0" timestamp="2020-04-27T02:45:21 EDT" time="14.539" errors="0">
  <testcase name="phisciansinformationPageTest" time="14.539" classname="com.Amgen.qa.testcases.PhysicianInformationPageTest"/>
  <system-out/>
</testsuite> <!-- com.Amgen.qa.testcases.PhysicianInformationPageTest -->
