<?xml version="1.0" encoding="UTF-8"?>
<!-- Generated by org.testng.reporters.JUnitReportReporter -->
<testsuite skipped="0" hostname="mohammads-MBP.home" name="com.Amgen.qa.testcases.StandAlonePageTest" tests="2" failures="0" timestamp="2020-04-25T16:03:56 EDT" time="11.455" errors="0">
  <testcase name="verifyStandalonePageTitle" time="4.255" classname="com.Amgen.qa.testcases.StandAlonePageTest"/>
  <system-out/>
  <testcase name="clickOnGetStartedLinkTest" time="7.200" classname="com.Amgen.qa.testcases.StandAlonePageTest"/>
  <system-out/>
</testsuite> <!-- com.Amgen.qa.testcases.StandAlonePageTest -->
